<?xml version="1.0" encoding="UTF-8"?><testrun name="BancoTest" project="junit_app" tests="6" started="0" failures="0" errors="1" ignored="0">
  <testsuite name="com.helalubo.mook.banco.model.BancoTest" incomplete="true" displayname="BancoTest" uniqueid="[engine:junit-jupiter]/[class:com.helalubo.mook.banco.model.BancoTest]">
    <error>org.junit.platform.commons.JUnitException: @AfterAll method 'void com.helalubo.mook.banco.model.BancoTest.end()' must be static unless the test class is annotated with @TestInstance(Lifecycle.PER_CLASS).&#13;
	at org.junit.jupiter.engine.descriptor.LifecycleMethodUtils.assertStatic(LifecycleMethodUtils.java:57)&#13;
	at org.junit.jupiter.engine.descriptor.LifecycleMethodUtils.lambda$findMethodsAndAssertStatic$0(LifecycleMethodUtils.java:81)&#13;
	at java.base/java.util.ArrayList.forEach(ArrayList.java:1541)&#13;
	at java.base/java.util.Collections$UnmodifiableCollection.forEach(Collections.java:1085)&#13;
	at org.junit.jupiter.engine.descriptor.LifecycleMethodUtils.findMethodsAndAssertStatic(LifecycleMethodUtils.java:81)&#13;
	at org.junit.jupiter.engine.descriptor.LifecycleMethodUtils.findAfterAllMethods(LifecycleMethodUtils.java:44)&#13;
	at org.junit.jupiter.engine.descriptor.ClassBasedTestDescriptor.prepare(ClassBasedTestDescriptor.java:163)&#13;
	at org.junit.jupiter.engine.descriptor.ClassBasedTestDescriptor.prepare(ClassBasedTestDescriptor.java:78)&#13;
	at org.junit.platform.engine.support.hierarchical.NodeTestTask.lambda$prepare$1(NodeTestTask.java:107)&#13;
	at org.junit.platform.engine.support.hierarchical.ThrowableCollector.execute(ThrowableCollector.java:73)&#13;
	at org.junit.platform.engine.support.hierarchical.NodeTestTask.prepare(NodeTestTask.java:107)&#13;
	at org.junit.platform.engine.support.hierarchical.NodeTestTask.execute(NodeTestTask.java:75)&#13;
	at java.base/java.util.ArrayList.forEach(ArrayList.java:1541)&#13;
	at org.junit.platform.engine.support.hierarchical.SameThreadHierarchicalTestExecutorService.invokeAll(SameThreadHierarchicalTestExecutorService.java:38)&#13;
	at org.junit.platform.engine.support.hierarchical.NodeTestTask.lambda$executeRecursively$5(NodeTestTask.java:139)&#13;
	at org.junit.platform.engine.support.hierarchical.ThrowableCollector.execute(ThrowableCollector.java:73)&#13;
	at org.junit.platform.engine.support.hierarchical.NodeTestTask.lambda$executeRecursively$7(NodeTestTask.java:125)&#13;
	at org.junit.platform.engine.support.hierarchical.Node.around(Node.java:135)&#13;
	at org.junit.platform.engine.support.hierarchical.NodeTestTask.lambda$executeRecursively$8(NodeTestTask.java:123)&#13;
	at org.junit.platform.engine.support.hierarchical.ThrowableCollector.execute(ThrowableCollector.java:73)&#13;
	at org.junit.platform.engine.support.hierarchical.NodeTestTask.executeRecursively(NodeTestTask.java:122)&#13;
	at org.junit.platform.engine.support.hierarchical.NodeTestTask.execute(NodeTestTask.java:80)&#13;
	at org.junit.platform.engine.support.hierarchical.SameThreadHierarchicalTestExecutorService.submit(SameThreadHierarchicalTestExecutorService.java:32)&#13;
	at org.junit.platform.engine.support.hierarchical.HierarchicalTestExecutor.execute(HierarchicalTestExecutor.java:57)&#13;
	at org.junit.platform.engine.support.hierarchical.HierarchicalTestEngine.execute(HierarchicalTestEngine.java:51)&#13;
	at org.junit.platform.launcher.core.DefaultLauncher.execute(DefaultLauncher.java:229)&#13;
	at org.junit.platform.launcher.core.DefaultLauncher.lambda$execute$6(DefaultLauncher.java:197)&#13;
	at org.junit.platform.launcher.core.DefaultLauncher.withInterceptedStreams(DefaultLauncher.java:211)&#13;
	at org.junit.platform.launcher.core.DefaultLauncher.execute(DefaultLauncher.java:191)&#13;
	at org.junit.platform.launcher.core.DefaultLauncher.execute(DefaultLauncher.java:137)&#13;
	at org.eclipse.jdt.internal.junit5.runner.JUnit5TestReference.run(JUnit5TestReference.java:89)&#13;
	at org.eclipse.jdt.internal.junit.runner.TestExecution.run(TestExecution.java:41)&#13;
	at org.eclipse.jdt.internal.junit.runner.RemoteTestRunner.runTests(RemoteTestRunner.java:541)&#13;
	at org.eclipse.jdt.internal.junit.runner.RemoteTestRunner.runTests(RemoteTestRunner.java:763)&#13;
	at org.eclipse.jdt.internal.junit.runner.RemoteTestRunner.run(RemoteTestRunner.java:463)&#13;
	at org.eclipse.jdt.internal.junit.runner.RemoteTestRunner.main(RemoteTestRunner.java:209)&#13;
&#13;
</error>
    <testcase name="testEstaPresente" classname="com.helalubo.mook.banco.model.BancoTest" incomplete="true" displayname="Verifica si la cuenta esta presente en el banco" uniqueid="[engine:junit-jupiter]/[class:com.helalubo.mook.banco.model.BancoTest]/[method:testEstaPresente()]"/>
    <testcase name="testTransferirDineroCuentas" classname="com.helalubo.mook.banco.model.BancoTest" incomplete="true" displayname="testTransferirDineroCuentas()" uniqueid="[engine:junit-jupiter]/[class:com.helalubo.mook.banco.model.BancoTest]/[method:testTransferirDineroCuentas()]"/>
    <testcase name="testTieneCuentaEnElBanco" classname="com.helalubo.mook.banco.model.BancoTest" incomplete="true" displayname="Verifica si el nombre tiene formato valido" uniqueid="[engine:junit-jupiter]/[class:com.helalubo.mook.banco.model.BancoTest]/[method:testTieneCuentaEnElBanco()]"/>
    <testcase name="testRelacionBancocuentas" classname="com.helalubo.mook.banco.model.BancoTest" incomplete="true" displayname="testRelacionBancocuentas()" uniqueid="[engine:junit-jupiter]/[class:com.helalubo.mook.banco.model.BancoTest]/[method:testRelacionBancocuentas()]"/>
    <testcase name="testRelacionBancoCuentas" classname="com.helalubo.mook.banco.model.BancoTest" incomplete="true" displayname="testRelacionBancoCuentas()" uniqueid="[engine:junit-jupiter]/[class:com.helalubo.mook.banco.model.BancoTest]/[method:testRelacionBancoCuentas()]"/>
    <testcase name="verificaNombreValido" classname="com.helalubo.mook.banco.model.BancoTest" incomplete="true" displayname="Verifica si el nombre tiene formato valido" uniqueid="[engine:junit-jupiter]/[class:com.helalubo.mook.banco.model.BancoTest]/[method:verificaNombreValido()]"/>
  </testsuite>
</testrun>
